2025-11-22T10:36:03-06:00 SQLSTATE[42000]: Syntax error or access violation: 1064 You have an error in your SQL syntax; check the manual that corresponds to your MySQL server version for the right syntax to use near '' at line 1 (SQL: select count(*) as existe from cliente_categoria_escala where id = )
#0 C:\laragon\www\Valencia\PROFAC\SISTEMA\profac-app\vendor\laravel\framework\src\Illuminate\Database\Connection.php(720): Illuminate\Database\Connection->runQueryCallback('select count(*)...', Array, Object(Closure))
#1 C:\laragon\www\Valencia\PROFAC\SISTEMA\profac-app\vendor\laravel\framework\src\Illuminate\Database\Connection.php(422): Illuminate\Database\Connection->run('select count(*)...', Array, Object(Closure))
#2 C:\laragon\www\Valencia\PROFAC\SISTEMA\profac-app\vendor\laravel\framework\src\Illuminate\Database\Connection.php(351): Illuminate\Database\Connection->select('select count(*)...', Array, true)
#3 C:\laragon\www\Valencia\PROFAC\SISTEMA\profac-app\vendor\laravel\framework\src\Illuminate\Database\DatabaseManager.php(469): Illuminate\Database\Connection->selectOne('select count(*)...')
#4 C:\laragon\www\Valencia\PROFAC\SISTEMA\profac-app\vendor\laravel\framework\src\Illuminate\Support\Facades\Facade.php(338): Illuminate\Database\DatabaseManager->__call('SELECTONE', Array)
#5 C:\laragon\www\Valencia\PROFAC\SISTEMA\profac-app\app\Imports\Escalas\ClientesCategoriaMasivaImport.php(50): Illuminate\Support\Facades\Facade::__callStatic('SELECTONE', Array)
#6 C:\laragon\www\Valencia\PROFAC\SISTEMA\profac-app\vendor\maatwebsite\excel\src\Sheet.php(267): App\Imports\Escalas\ClientesCategoriaMasivaImport->collection(Object(Illuminate\Support\Collection))
#7 C:\laragon\www\Valencia\PROFAC\SISTEMA\profac-app\vendor\maatwebsite\excel\src\Jobs\ReadChunk.php(213): Maatwebsite\Excel\Sheet->import(Object(App\Imports\Escalas\ClientesCategoriaMasivaImport), 2)
#8 C:\laragon\www\Valencia\PROFAC\SISTEMA\profac-app\vendor\laravel\framework\src\Illuminate\Database\Concerns\ManagesTransactions.php(30): Maatwebsite\Excel\Jobs\ReadChunk->Maatwebsite\Excel\Jobs\{closure}(Object(Illuminate\Database\MySqlConnection))
#9 C:\laragon\www\Valencia\PROFAC\SISTEMA\profac-app\vendor\maatwebsite\excel\src\Transactions\DbTransactionHandler.php(30): Illuminate\Database\Connection->transaction(Object(Closure))
#10 C:\laragon\www\Valencia\PROFAC\SISTEMA\profac-app\vendor\maatwebsite\excel\src\Jobs\ReadChunk.php(221): Maatwebsite\Excel\Transactions\DbTransactionHandler->__invoke(Object(Closure))
#11 C:\laragon\www\Valencia\PROFAC\SISTEMA\profac-app\vendor\laravel\framework\src\Illuminate\Container\BoundMethod.php(36): Maatwebsite\Excel\Jobs\ReadChunk->handle(Object(Maatwebsite\Excel\Transactions\DbTransactionHandler))
#12 C:\laragon\www\Valencia\PROFAC\SISTEMA\profac-app\vendor\laravel\framework\src\Illuminate\Container\Util.php(41): Illuminate\Container\BoundMethod::Illuminate\Container\{closure}()
#13 C:\laragon\www\Valencia\PROFAC\SISTEMA\profac-app\vendor\laravel\framework\src\Illuminate\Container\BoundMethod.php(93): Illuminate\Container\Util::unwrapIfClosure(Object(Closure))
#14 C:\laragon\www\Valencia\PROFAC\SISTEMA\profac-app\vendor\laravel\framework\src\Illuminate\Container\BoundMethod.php(37): Illuminate\Container\BoundMethod::callBoundMethod(Object(Illuminate\Foundation\Application), Array, Object(Closure))
#15 C:\laragon\www\Valencia\PROFAC\SISTEMA\profac-app\vendor\laravel\framework\src\Illuminate\Container\Container.php(661): Illuminate\Container\BoundMethod::call(Object(Illuminate\Foundation\Application), Array, Array, NULL)
#16 C:\laragon\www\Valencia\PROFAC\SISTEMA\profac-app\vendor\laravel\framework\src\Illuminate\Bus\Dispatcher.php(128): Illuminate\Container\Container->call(Array)
#17 C:\laragon\www\Valencia\PROFAC\SISTEMA\profac-app\vendor\laravel\framework\src\Illuminate\Pipeline\Pipeline.php(141): Illuminate\Bus\Dispatcher->Illuminate\Bus\{closure}(Object(Maatwebsite\Excel\Jobs\ReadChunk))
#18 C:\laragon\www\Valencia\PROFAC\SISTEMA\profac-app\vendor\laravel\framework\src\Illuminate\Pipeline\Pipeline.php(116): Illuminate\Pipeline\Pipeline->Illuminate\Pipeline\{closure}(Object(Maatwebsite\Excel\Jobs\ReadChunk))
#19 C:\laragon\www\Valencia\PROFAC\SISTEMA\profac-app\vendor\laravel\framework\src\Illuminate\Bus\Dispatcher.php(132): Illuminate\Pipeline\Pipeline->then(Object(Closure))
#20 C:\laragon\www\Valencia\PROFAC\SISTEMA\profac-app\vendor\laravel\framework\src\Illuminate\Foundation\helpers.php(422): Illuminate\Bus\Dispatcher->dispatchNow(Object(Maatwebsite\Excel\Jobs\ReadChunk), false)
#21 C:\laragon\www\Valencia\PROFAC\SISTEMA\profac-app\vendor\maatwebsite\excel\src\ChunkReader.php(106): dispatch_now(Object(Maatwebsite\Excel\Jobs\ReadChunk))
#22 C:\laragon\www\Valencia\PROFAC\SISTEMA\profac-app\vendor\laravel\framework\src\Illuminate\Collections\Traits\EnumeratesValues.php(235): Maatwebsite\Excel\ChunkReader->Maatwebsite\Excel\{closure}(Object(Maatwebsite\Excel\Jobs\ReadChunk), 0)
#23 C:\laragon\www\Valencia\PROFAC\SISTEMA\profac-app\vendor\maatwebsite\excel\src\ChunkReader.php(114): Illuminate\Support\Collection->each(Object(Closure))
#24 C:\laragon\www\Valencia\PROFAC\SISTEMA\profac-app\vendor\maatwebsite\excel\src\Reader.php(105): Maatwebsite\Excel\ChunkReader->read(Object(App\Imports\Escalas\ClientesCategoriaMasivaImport), Object(Maatwebsite\Excel\Reader), Object(Maatwebsite\Excel\Files\LocalTemporaryFile))
#25 C:\laragon\www\Valencia\PROFAC\SISTEMA\profac-app\vendor\maatwebsite\excel\src\Excel.php(146): Maatwebsite\Excel\Reader->read(Object(App\Imports\Escalas\ClientesCategoriaMasivaImport), 'C:\\laragon\\www\\...', 'Csv', NULL)
#26 C:\laragon\www\Valencia\PROFAC\SISTEMA\profac-app\vendor\laravel\framework\src\Illuminate\Support\Facades\Facade.php(338): Maatwebsite\Excel\Excel->import(Object(App\Imports\Escalas\ClientesCategoriaMasivaImport), 'C:\\laragon\\www\\...')
#27 C:\laragon\www\Valencia\PROFAC\SISTEMA\profac-app\app\Http\Livewire\Clientes\Cliente.php(709): Illuminate\Support\Facades\Facade::__callStatic('import', Array)
#28 C:\laragon\www\Valencia\PROFAC\SISTEMA\profac-app\vendor\laravel\framework\src\Illuminate\Routing\ControllerDispatcher.php(46): App\Http\Livewire\Clientes\Cliente->importarCategoriaClientes(Object(Illuminate\Http\Request))
#29 C:\laragon\www\Valencia\PROFAC\SISTEMA\profac-app\vendor\laravel\framework\src\Illuminate\Routing\Route.php(260): Illuminate\Routing\ControllerDispatcher->dispatch(Object(Illuminate\Routing\Route), Object(App\Http\Livewire\Clientes\Cliente), 'importarCategor...')
#30 C:\laragon\www\Valencia\PROFAC\SISTEMA\profac-app\vendor\laravel\framework\src\Illuminate\Routing\Route.php(205): Illuminate\Routing\Route->runController()
#31 C:\laragon\www\Valencia\PROFAC\SISTEMA\profac-app\vendor\laravel\framework\src\Illuminate\Routing\Router.php(798): Illuminate\Routing\Route->run()
#32 C:\laragon\www\Valencia\PROFAC\SISTEMA\profac-app\vendor\laravel\framework\src\Illuminate\Pipeline\Pipeline.php(141): Illuminate\Routing\Router->Illuminate\Routing\{closure}(Object(Illuminate\Http\Request))
#33 C:\laragon\www\Valencia\PROFAC\SISTEMA\profac-app\vendor\laravel\framework\src\Illuminate\Auth\Middleware\EnsureEmailIsVerified.php(30): Illuminate\Pipeline\Pipeline->Illuminate\Pipeline\{closure}(Object(Illuminate\Http\Request))
#34 C:\laragon\www\Valencia\PROFAC\SISTEMA\profac-app\vendor\laravel\framework\src\Illuminate\Pipeline\Pipeline.php(180): Illuminate\Auth\Middleware\EnsureEmailIsVerified->handle(Object(Illuminate\Http\Request), Object(Closure))
#35 C:\laragon\www\Valencia\PROFAC\SISTEMA\profac-app\vendor\laravel\framework\src\Illuminate\Routing\Middleware\SubstituteBindings.php(50): Illuminate\Pipeline\Pipeline->Illuminate\Pipeline\{closure}(Object(Illuminate\Http\Request))
#36 C:\laragon\www\Valencia\PROFAC\SISTEMA\profac-app\vendor\laravel\framework\src\Illuminate\Pipeline\Pipeline.php(180): Illuminate\Routing\Middleware\SubstituteBindings->handle(Object(Illuminate\Http\Request), Object(Closure))
#37 C:\laragon\www\Valencia\PROFAC\SISTEMA\profac-app\vendor\laravel\framework\src\Illuminate\Foundation\Http\Middleware\VerifyCsrfToken.php(78): Illuminate\Pipeline\Pipeline->Illuminate\Pipeline\{closure}(Object(Illuminate\Http\Request))
#38 C:\laragon\www\Valencia\PROFAC\SISTEMA\profac-app\vendor\laravel\framework\src\Illuminate\Pipeline\Pipeline.php(180): Illuminate\Foundation\Http\Middleware\VerifyCsrfToken->handle(Object(Illuminate\Http\Request), Object(Closure))
#39 C:\laragon\www\Valencia\PROFAC\SISTEMA\profac-app\vendor\laravel\framework\src\Illuminate\Session\Middleware\AuthenticateSession.php(59): Illuminate\Pipeline\Pipeline->Illuminate\Pipeline\{closure}(Object(Illuminate\Http\Request))
#40 C:\laragon\www\Valencia\PROFAC\SISTEMA\profac-app\vendor\laravel\framework\src\Illuminate\Pipeline\Pipeline.php(180): Illuminate\Session\Middleware\AuthenticateSession->handle(Object(Illuminate\Http\Request), Object(Closure))
#41 C:\laragon\www\Valencia\PROFAC\SISTEMA\profac-app\vendor\laravel\framework\src\Illuminate\Auth\Middleware\Authenticate.php(44): Illuminate\Pipeline\Pipeline->Illuminate\Pipeline\{closure}(Object(Illuminate\Http\Request))
#42 C:\laragon\www\Valencia\PROFAC\SISTEMA\profac-app\vendor\laravel\framework\src\Illuminate\Pipeline\Pipeline.php(180): Illuminate\Auth\Middleware\Authenticate->handle(Object(Illuminate\Http\Request), Object(Closure), 'sanctum')
#43 C:\laragon\www\Valencia\PROFAC\SISTEMA\profac-app\vendor\laravel\framework\src\Illuminate\View\Middleware\ShareErrorsFromSession.php(49): Illuminate\Pipeline\Pipeline->Illuminate\Pipeline\{closure}(Object(Illuminate\Http\Request))
#44 C:\laragon\www\Valencia\PROFAC\SISTEMA\profac-app\vendor\laravel\framework\src\Illuminate\Pipeline\Pipeline.php(180): Illuminate\View\Middleware\ShareErrorsFromSession->handle(Object(Illuminate\Http\Request), Object(Closure))
#45 C:\laragon\www\Valencia\PROFAC\SISTEMA\profac-app\vendor\laravel\framework\src\Illuminate\Session\Middleware\StartSession.php(121): Illuminate\Pipeline\Pipeline->Illuminate\Pipeline\{closure}(Object(Illuminate\Http\Request))
#46 C:\laragon\www\Valencia\PROFAC\SISTEMA\profac-app\vendor\laravel\framework\src\Illuminate\Session\Middleware\StartSession.php(64): Illuminate\Session\Middleware\StartSession->handleStatefulRequest(Object(Illuminate\Http\Request), Object(Illuminate\Session\Store), Object(Closure))
#47 C:\laragon\www\Valencia\PROFAC\SISTEMA\profac-app\vendor\laravel\framework\src\Illuminate\Pipeline\Pipeline.php(180): Illuminate\Session\Middleware\StartSession->handle(Object(Illuminate\Http\Request), Object(Closure))
#48 C:\laragon\www\Valencia\PROFAC\SISTEMA\profac-app\vendor\laravel\framework\src\Illuminate\Cookie\Middleware\AddQueuedCookiesToResponse.php(37): Illuminate\Pipeline\Pipeline->Illuminate\Pipeline\{closure}(Object(Illuminate\Http\Request))
#49 C:\laragon\www\Valencia\PROFAC\SISTEMA\profac-app\vendor\laravel\framework\src\Illuminate\Pipeline\Pipeline.php(180): Illuminate\Cookie\Middleware\AddQueuedCookiesToResponse->handle(Object(Illuminate\Http\Request), Object(Closure))
#50 C:\laragon\www\Valencia\PROFAC\SISTEMA\profac-app\vendor\laravel\framework\src\Illuminate\Cookie\Middleware\EncryptCookies.php(67): Illuminate\Pipeline\Pipeline->Illuminate\Pipeline\{closure}(Object(Illuminate\Http\Request))
#51 C:\laragon\www\Valencia\PROFAC\SISTEMA\profac-app\vendor\laravel\framework\src\Illuminate\Pipeline\Pipeline.php(180): Illuminate\Cookie\Middleware\EncryptCookies->handle(Object(Illuminate\Http\Request), Object(Closure))
#52 C:\laragon\www\Valencia\PROFAC\SISTEMA\profac-app\vendor\laravel\framework\src\Illuminate\Pipeline\Pipeline.php(116): Illuminate\Pipeline\Pipeline->Illuminate\Pipeline\{closure}(Object(Illuminate\Http\Request))
#53 C:\laragon\www\Valencia\PROFAC\SISTEMA\profac-app\vendor\laravel\framework\src\Illuminate\Routing\Router.php(799): Illuminate\Pipeline\Pipeline->then(Object(Closure))
#54 C:\laragon\www\Valencia\PROFAC\SISTEMA\profac-app\vendor\laravel\framework\src\Illuminate\Routing\Router.php(776): Illuminate\Routing\Router->runRouteWithinStack(Object(Illuminate\Routing\Route), Object(Illuminate\Http\Request))
#55 C:\laragon\www\Valencia\PROFAC\SISTEMA\profac-app\vendor\laravel\framework\src\Illuminate\Routing\Router.php(740): Illuminate\Routing\Router->runRoute(Object(Illuminate\Http\Request), Object(Illuminate\Routing\Route))
#56 C:\laragon\www\Valencia\PROFAC\SISTEMA\profac-app\vendor\laravel\framework\src\Illuminate\Routing\Router.php(729): Illuminate\Routing\Router->dispatchToRoute(Object(Illuminate\Http\Request))
#57 C:\laragon\www\Valencia\PROFAC\SISTEMA\profac-app\vendor\laravel\framework\src\Illuminate\Foundation\Http\Kernel.php(190): Illuminate\Routing\Router->dispatch(Object(Illuminate\Http\Request))
#58 C:\laragon\www\Valencia\PROFAC\SISTEMA\profac-app\vendor\laravel\framework\src\Illuminate\Pipeline\Pipeline.php(141): Illuminate\Foundation\Http\Kernel->Illuminate\Foundation\Http\{closure}(Object(Illuminate\Http\Request))
#59 C:\laragon\www\Valencia\PROFAC\SISTEMA\profac-app\vendor\livewire\livewire\src\DisableBrowserCache.php(19): Illuminate\Pipeline\Pipeline->Illuminate\Pipeline\{closure}(Object(Illuminate\Http\Request))
#60 C:\laragon\www\Valencia\PROFAC\SISTEMA\profac-app\vendor\laravel\framework\src\Illuminate\Pipeline\Pipeline.php(180): Livewire\DisableBrowserCache->handle(Object(Illuminate\Http\Request), Object(Closure))
#61 C:\laragon\www\Valencia\PROFAC\SISTEMA\profac-app\vendor\laravel\framework\src\Illuminate\Foundation\Http\Middleware\TransformsRequest.php(21): Illuminate\Pipeline\Pipeline->Illuminate\Pipeline\{closure}(Object(Illuminate\Http\Request))
#62 C:\laragon\www\Valencia\PROFAC\SISTEMA\profac-app\vendor\laravel\framework\src\Illuminate\Foundation\Http\Middleware\ConvertEmptyStringsToNull.php(31): Illuminate\Foundation\Http\Middleware\TransformsRequest->handle(Object(Illuminate\Http\Request), Object(Closure))
#63 C:\laragon\www\Valencia\PROFAC\SISTEMA\profac-app\vendor\laravel\framework\src\Illuminate\Pipeline\Pipeline.php(180): Illuminate\Foundation\Http\Middleware\ConvertEmptyStringsToNull->handle(Object(Illuminate\Http\Request), Object(Closure))
#64 C:\laragon\www\Valencia\PROFAC\SISTEMA\profac-app\vendor\laravel\framework\src\Illuminate\Foundation\Http\Middleware\TransformsRequest.php(21): Illuminate\Pipeline\Pipeline->Illuminate\Pipeline\{closure}(Object(Illuminate\Http\Request))
#65 C:\laragon\www\Valencia\PROFAC\SISTEMA\profac-app\vendor\laravel\framework\src\Illuminate\Foundation\Http\Middleware\TrimStrings.php(40): Illuminate\Foundation\Http\Middleware\TransformsRequest->handle(Object(Illuminate\Http\Request), Object(Closure))
#66 C:\laragon\www\Valencia\PROFAC\SISTEMA\profac-app\vendor\laravel\framework\src\Illuminate\Pipeline\Pipeline.php(180): Illuminate\Foundation\Http\Middleware\TrimStrings->handle(Object(Illuminate\Http\Request), Object(Closure))
#67 C:\laragon\www\Valencia\PROFAC\SISTEMA\profac-app\vendor\laravel\framework\src\Illuminate\Foundation\Http\Middleware\ValidatePostSize.php(27): Illuminate\Pipeline\Pipeline->Illuminate\Pipeline\{closure}(Object(Illuminate\Http\Request))
#68 C:\laragon\www\Valencia\PROFAC\SISTEMA\profac-app\vendor\laravel\framework\src\Illuminate\Pipeline\Pipeline.php(180): Illuminate\Foundation\Http\Middleware\ValidatePostSize->handle(Object(Illuminate\Http\Request), Object(Closure))
#69 C:\laragon\www\Valencia\PROFAC\SISTEMA\profac-app\vendor\laravel\framework\src\Illuminate\Foundation\Http\Middleware\PreventRequestsDuringMaintenance.php(86): Illuminate\Pipeline\Pipeline->Illuminate\Pipeline\{closure}(Object(Illuminate\Http\Request))
#70 C:\laragon\www\Valencia\PROFAC\SISTEMA\profac-app\vendor\laravel\framework\src\Illuminate\Pipeline\Pipeline.php(180): Illuminate\Foundation\Http\Middleware\PreventRequestsDuringMaintenance->handle(Object(Illuminate\Http\Request), Object(Closure))
#71 C:\laragon\www\Valencia\PROFAC\SISTEMA\profac-app\vendor\fruitcake\laravel-cors\src\HandleCors.php(38): Illuminate\Pipeline\Pipeline->Illuminate\Pipeline\{closure}(Object(Illuminate\Http\Request))
#72 C:\laragon\www\Valencia\PROFAC\SISTEMA\profac-app\vendor\laravel\framework\src\Illuminate\Pipeline\Pipeline.php(180): Fruitcake\Cors\HandleCors->handle(Object(Illuminate\Http\Request), Object(Closure))
#73 C:\laragon\www\Valencia\PROFAC\SISTEMA\profac-app\vendor\laravel\framework\src\Illuminate\Http\Middleware\TrustProxies.php(39): Illuminate\Pipeline\Pipeline->Illuminate\Pipeline\{closure}(Object(Illuminate\Http\Request))
#74 C:\laragon\www\Valencia\PROFAC\SISTEMA\profac-app\vendor\laravel\framework\src\Illuminate\Pipeline\Pipeline.php(180): Illuminate\Http\Middleware\TrustProxies->handle(Object(Illuminate\Http\Request), Object(Closure))
#75 C:\laragon\www\Valencia\PROFAC\SISTEMA\profac-app\vendor\laravel\framework\src\Illuminate\Pipeline\Pipeline.php(116): Illuminate\Pipeline\Pipeline->Illuminate\Pipeline\{closure}(Object(Illuminate\Http\Request))
#76 C:\laragon\www\Valencia\PROFAC\SISTEMA\profac-app\vendor\laravel\framework\src\Illuminate\Foundation\Http\Kernel.php(165): Illuminate\Pipeline\Pipeline->then(Object(Closure))
#77 C:\laragon\www\Valencia\PROFAC\SISTEMA\profac-app\vendor\laravel\framework\src\Illuminate\Foundation\Http\Kernel.php(134): Illuminate\Foundation\Http\Kernel->sendRequestThroughRouter(Object(Illuminate\Http\Request))
#78 C:\laragon\www\Valencia\PROFAC\SISTEMA\profac-app\public\index.php(52): Illuminate\Foundation\Http\Kernel->handle(Object(Illuminate\Http\Request))
#79 C:\laragon\www\Valencia\PROFAC\SISTEMA\profac-app\vendor\laravel\framework\src\Illuminate\Foundation\resources\server.php(16): require_once('C:\\laragon\\www\\...')
#80 {main}

2025-11-22T10:36:11-06:00 SQLSTATE[42000]: Syntax error or access violation: 1064 You have an error in your SQL syntax; check the manual that corresponds to your MySQL server version for the right syntax to use near '' at line 1 (SQL: select count(*) as existe from cliente_categoria_escala where id = )
#0 C:\laragon\www\Valencia\PROFAC\SISTEMA\profac-app\vendor\laravel\framework\src\Illuminate\Database\Connection.php(720): Illuminate\Database\Connection->runQueryCallback('select count(*)...', Array, Object(Closure))
#1 C:\laragon\www\Valencia\PROFAC\SISTEMA\profac-app\vendor\laravel\framework\src\Illuminate\Database\Connection.php(422): Illuminate\Database\Connection->run('select count(*)...', Array, Object(Closure))
#2 C:\laragon\www\Valencia\PROFAC\SISTEMA\profac-app\vendor\laravel\framework\src\Illuminate\Database\Connection.php(351): Illuminate\Database\Connection->select('select count(*)...', Array, true)
#3 C:\laragon\www\Valencia\PROFAC\SISTEMA\profac-app\vendor\laravel\framework\src\Illuminate\Database\DatabaseManager.php(469): Illuminate\Database\Connection->selectOne('select count(*)...')
#4 C:\laragon\www\Valencia\PROFAC\SISTEMA\profac-app\vendor\laravel\framework\src\Illuminate\Support\Facades\Facade.php(338): Illuminate\Database\DatabaseManager->__call('SELECTONE', Array)
#5 C:\laragon\www\Valencia\PROFAC\SISTEMA\profac-app\app\Imports\Escalas\ClientesCategoriaMasivaImport.php(50): Illuminate\Support\Facades\Facade::__callStatic('SELECTONE', Array)
#6 C:\laragon\www\Valencia\PROFAC\SISTEMA\profac-app\vendor\maatwebsite\excel\src\Sheet.php(267): App\Imports\Escalas\ClientesCategoriaMasivaImport->collection(Object(Illuminate\Support\Collection))
#7 C:\laragon\www\Valencia\PROFAC\SISTEMA\profac-app\vendor\maatwebsite\excel\src\Jobs\ReadChunk.php(213): Maatwebsite\Excel\Sheet->import(Object(App\Imports\Escalas\ClientesCategoriaMasivaImport), 2)
#8 C:\laragon\www\Valencia\PROFAC\SISTEMA\profac-app\vendor\laravel\framework\src\Illuminate\Database\Concerns\ManagesTransactions.php(30): Maatwebsite\Excel\Jobs\ReadChunk->Maatwebsite\Excel\Jobs\{closure}(Object(Illuminate\Database\MySqlConnection))
#9 C:\laragon\www\Valencia\PROFAC\SISTEMA\profac-app\vendor\maatwebsite\excel\src\Transactions\DbTransactionHandler.php(30): Illuminate\Database\Connection->transaction(Object(Closure))
#10 C:\laragon\www\Valencia\PROFAC\SISTEMA\profac-app\vendor\maatwebsite\excel\src\Jobs\ReadChunk.php(221): Maatwebsite\Excel\Transactions\DbTransactionHandler->__invoke(Object(Closure))
#11 C:\laragon\www\Valencia\PROFAC\SISTEMA\profac-app\vendor\laravel\framework\src\Illuminate\Container\BoundMethod.php(36): Maatwebsite\Excel\Jobs\ReadChunk->handle(Object(Maatwebsite\Excel\Transactions\DbTransactionHandler))
#12 C:\laragon\www\Valencia\PROFAC\SISTEMA\profac-app\vendor\laravel\framework\src\Illuminate\Container\Util.php(41): Illuminate\Container\BoundMethod::Illuminate\Container\{closure}()
#13 C:\laragon\www\Valencia\PROFAC\SISTEMA\profac-app\vendor\laravel\framework\src\Illuminate\Container\BoundMethod.php(93): Illuminate\Container\Util::unwrapIfClosure(Object(Closure))
#14 C:\laragon\www\Valencia\PROFAC\SISTEMA\profac-app\vendor\laravel\framework\src\Illuminate\Container\BoundMethod.php(37): Illuminate\Container\BoundMethod::callBoundMethod(Object(Illuminate\Foundation\Application), Array, Object(Closure))
#15 C:\laragon\www\Valencia\PROFAC\SISTEMA\profac-app\vendor\laravel\framework\src\Illuminate\Container\Container.php(661): Illuminate\Container\BoundMethod::call(Object(Illuminate\Foundation\Application), Array, Array, NULL)
#16 C:\laragon\www\Valencia\PROFAC\SISTEMA\profac-app\vendor\laravel\framework\src\Illuminate\Bus\Dispatcher.php(128): Illuminate\Container\Container->call(Array)
#17 C:\laragon\www\Valencia\PROFAC\SISTEMA\profac-app\vendor\laravel\framework\src\Illuminate\Pipeline\Pipeline.php(141): Illuminate\Bus\Dispatcher->Illuminate\Bus\{closure}(Object(Maatwebsite\Excel\Jobs\ReadChunk))
#18 C:\laragon\www\Valencia\PROFAC\SISTEMA\profac-app\vendor\laravel\framework\src\Illuminate\Pipeline\Pipeline.php(116): Illuminate\Pipeline\Pipeline->Illuminate\Pipeline\{closure}(Object(Maatwebsite\Excel\Jobs\ReadChunk))
#19 C:\laragon\www\Valencia\PROFAC\SISTEMA\profac-app\vendor\laravel\framework\src\Illuminate\Bus\Dispatcher.php(132): Illuminate\Pipeline\Pipeline->then(Object(Closure))
#20 C:\laragon\www\Valencia\PROFAC\SISTEMA\profac-app\vendor\laravel\framework\src\Illuminate\Foundation\helpers.php(422): Illuminate\Bus\Dispatcher->dispatchNow(Object(Maatwebsite\Excel\Jobs\ReadChunk), false)
#21 C:\laragon\www\Valencia\PROFAC\SISTEMA\profac-app\vendor\maatwebsite\excel\src\ChunkReader.php(106): dispatch_now(Object(Maatwebsite\Excel\Jobs\ReadChunk))
#22 C:\laragon\www\Valencia\PROFAC\SISTEMA\profac-app\vendor\laravel\framework\src\Illuminate\Collections\Traits\EnumeratesValues.php(235): Maatwebsite\Excel\ChunkReader->Maatwebsite\Excel\{closure}(Object(Maatwebsite\Excel\Jobs\ReadChunk), 0)
#23 C:\laragon\www\Valencia\PROFAC\SISTEMA\profac-app\vendor\maatwebsite\excel\src\ChunkReader.php(114): Illuminate\Support\Collection->each(Object(Closure))
#24 C:\laragon\www\Valencia\PROFAC\SISTEMA\profac-app\vendor\maatwebsite\excel\src\Reader.php(105): Maatwebsite\Excel\ChunkReader->read(Object(App\Imports\Escalas\ClientesCategoriaMasivaImport), Object(Maatwebsite\Excel\Reader), Object(Maatwebsite\Excel\Files\LocalTemporaryFile))
#25 C:\laragon\www\Valencia\PROFAC\SISTEMA\profac-app\vendor\maatwebsite\excel\src\Excel.php(146): Maatwebsite\Excel\Reader->read(Object(App\Imports\Escalas\ClientesCategoriaMasivaImport), 'C:\\laragon\\www\\...', 'Csv', NULL)
#26 C:\laragon\www\Valencia\PROFAC\SISTEMA\profac-app\vendor\laravel\framework\src\Illuminate\Support\Facades\Facade.php(338): Maatwebsite\Excel\Excel->import(Object(App\Imports\Escalas\ClientesCategoriaMasivaImport), 'C:\\laragon\\www\\...')
#27 C:\laragon\www\Valencia\PROFAC\SISTEMA\profac-app\app\Http\Livewire\Clientes\Cliente.php(709): Illuminate\Support\Facades\Facade::__callStatic('import', Array)
#28 C:\laragon\www\Valencia\PROFAC\SISTEMA\profac-app\vendor\laravel\framework\src\Illuminate\Routing\ControllerDispatcher.php(46): App\Http\Livewire\Clientes\Cliente->importarCategoriaClientes(Object(Illuminate\Http\Request))
#29 C:\laragon\www\Valencia\PROFAC\SISTEMA\profac-app\vendor\laravel\framework\src\Illuminate\Routing\Route.php(260): Illuminate\Routing\ControllerDispatcher->dispatch(Object(Illuminate\Routing\Route), Object(App\Http\Livewire\Clientes\Cliente), 'importarCategor...')
#30 C:\laragon\www\Valencia\PROFAC\SISTEMA\profac-app\vendor\laravel\framework\src\Illuminate\Routing\Route.php(205): Illuminate\Routing\Route->runController()
#31 C:\laragon\www\Valencia\PROFAC\SISTEMA\profac-app\vendor\laravel\framework\src\Illuminate\Routing\Router.php(798): Illuminate\Routing\Route->run()
#32 C:\laragon\www\Valencia\PROFAC\SISTEMA\profac-app\vendor\laravel\framework\src\Illuminate\Pipeline\Pipeline.php(141): Illuminate\Routing\Router->Illuminate\Routing\{closure}(Object(Illuminate\Http\Request))
#33 C:\laragon\www\Valencia\PROFAC\SISTEMA\profac-app\vendor\laravel\framework\src\Illuminate\Auth\Middleware\EnsureEmailIsVerified.php(30): Illuminate\Pipeline\Pipeline->Illuminate\Pipeline\{closure}(Object(Illuminate\Http\Request))
#34 C:\laragon\www\Valencia\PROFAC\SISTEMA\profac-app\vendor\laravel\framework\src\Illuminate\Pipeline\Pipeline.php(180): Illuminate\Auth\Middleware\EnsureEmailIsVerified->handle(Object(Illuminate\Http\Request), Object(Closure))
#35 C:\laragon\www\Valencia\PROFAC\SISTEMA\profac-app\vendor\laravel\framework\src\Illuminate\Routing\Middleware\SubstituteBindings.php(50): Illuminate\Pipeline\Pipeline->Illuminate\Pipeline\{closure}(Object(Illuminate\Http\Request))
#36 C:\laragon\www\Valencia\PROFAC\SISTEMA\profac-app\vendor\laravel\framework\src\Illuminate\Pipeline\Pipeline.php(180): Illuminate\Routing\Middleware\SubstituteBindings->handle(Object(Illuminate\Http\Request), Object(Closure))
#37 C:\laragon\www\Valencia\PROFAC\SISTEMA\profac-app\vendor\laravel\framework\src\Illuminate\Foundation\Http\Middleware\VerifyCsrfToken.php(78): Illuminate\Pipeline\Pipeline->Illuminate\Pipeline\{closure}(Object(Illuminate\Http\Request))
#38 C:\laragon\www\Valencia\PROFAC\SISTEMA\profac-app\vendor\laravel\framework\src\Illuminate\Pipeline\Pipeline.php(180): Illuminate\Foundation\Http\Middleware\VerifyCsrfToken->handle(Object(Illuminate\Http\Request), Object(Closure))
#39 C:\laragon\www\Valencia\PROFAC\SISTEMA\profac-app\vendor\laravel\framework\src\Illuminate\Session\Middleware\AuthenticateSession.php(59): Illuminate\Pipeline\Pipeline->Illuminate\Pipeline\{closure}(Object(Illuminate\Http\Request))
#40 C:\laragon\www\Valencia\PROFAC\SISTEMA\profac-app\vendor\laravel\framework\src\Illuminate\Pipeline\Pipeline.php(180): Illuminate\Session\Middleware\AuthenticateSession->handle(Object(Illuminate\Http\Request), Object(Closure))
#41 C:\laragon\www\Valencia\PROFAC\SISTEMA\profac-app\vendor\laravel\framework\src\Illuminate\Auth\Middleware\Authenticate.php(44): Illuminate\Pipeline\Pipeline->Illuminate\Pipeline\{closure}(Object(Illuminate\Http\Request))
#42 C:\laragon\www\Valencia\PROFAC\SISTEMA\profac-app\vendor\laravel\framework\src\Illuminate\Pipeline\Pipeline.php(180): Illuminate\Auth\Middleware\Authenticate->handle(Object(Illuminate\Http\Request), Object(Closure), 'sanctum')
#43 C:\laragon\www\Valencia\PROFAC\SISTEMA\profac-app\vendor\laravel\framework\src\Illuminate\View\Middleware\ShareErrorsFromSession.php(49): Illuminate\Pipeline\Pipeline->Illuminate\Pipeline\{closure}(Object(Illuminate\Http\Request))
#44 C:\laragon\www\Valencia\PROFAC\SISTEMA\profac-app\vendor\laravel\framework\src\Illuminate\Pipeline\Pipeline.php(180): Illuminate\View\Middleware\ShareErrorsFromSession->handle(Object(Illuminate\Http\Request), Object(Closure))
#45 C:\laragon\www\Valencia\PROFAC\SISTEMA\profac-app\vendor\laravel\framework\src\Illuminate\Session\Middleware\StartSession.php(121): Illuminate\Pipeline\Pipeline->Illuminate\Pipeline\{closure}(Object(Illuminate\Http\Request))
#46 C:\laragon\www\Valencia\PROFAC\SISTEMA\profac-app\vendor\laravel\framework\src\Illuminate\Session\Middleware\StartSession.php(64): Illuminate\Session\Middleware\StartSession->handleStatefulRequest(Object(Illuminate\Http\Request), Object(Illuminate\Session\Store), Object(Closure))
#47 C:\laragon\www\Valencia\PROFAC\SISTEMA\profac-app\vendor\laravel\framework\src\Illuminate\Pipeline\Pipeline.php(180): Illuminate\Session\Middleware\StartSession->handle(Object(Illuminate\Http\Request), Object(Closure))
#48 C:\laragon\www\Valencia\PROFAC\SISTEMA\profac-app\vendor\laravel\framework\src\Illuminate\Cookie\Middleware\AddQueuedCookiesToResponse.php(37): Illuminate\Pipeline\Pipeline->Illuminate\Pipeline\{closure}(Object(Illuminate\Http\Request))
#49 C:\laragon\www\Valencia\PROFAC\SISTEMA\profac-app\vendor\laravel\framework\src\Illuminate\Pipeline\Pipeline.php(180): Illuminate\Cookie\Middleware\AddQueuedCookiesToResponse->handle(Object(Illuminate\Http\Request), Object(Closure))
#50 C:\laragon\www\Valencia\PROFAC\SISTEMA\profac-app\vendor\laravel\framework\src\Illuminate\Cookie\Middleware\EncryptCookies.php(67): Illuminate\Pipeline\Pipeline->Illuminate\Pipeline\{closure}(Object(Illuminate\Http\Request))
#51 C:\laragon\www\Valencia\PROFAC\SISTEMA\profac-app\vendor\laravel\framework\src\Illuminate\Pipeline\Pipeline.php(180): Illuminate\Cookie\Middleware\EncryptCookies->handle(Object(Illuminate\Http\Request), Object(Closure))
#52 C:\laragon\www\Valencia\PROFAC\SISTEMA\profac-app\vendor\laravel\framework\src\Illuminate\Pipeline\Pipeline.php(116): Illuminate\Pipeline\Pipeline->Illuminate\Pipeline\{closure}(Object(Illuminate\Http\Request))
#53 C:\laragon\www\Valencia\PROFAC\SISTEMA\profac-app\vendor\laravel\framework\src\Illuminate\Routing\Router.php(799): Illuminate\Pipeline\Pipeline->then(Object(Closure))
#54 C:\laragon\www\Valencia\PROFAC\SISTEMA\profac-app\vendor\laravel\framework\src\Illuminate\Routing\Router.php(776): Illuminate\Routing\Router->runRouteWithinStack(Object(Illuminate\Routing\Route), Object(Illuminate\Http\Request))
#55 C:\laragon\www\Valencia\PROFAC\SISTEMA\profac-app\vendor\laravel\framework\src\Illuminate\Routing\Router.php(740): Illuminate\Routing\Router->runRoute(Object(Illuminate\Http\Request), Object(Illuminate\Routing\Route))
#56 C:\laragon\www\Valencia\PROFAC\SISTEMA\profac-app\vendor\laravel\framework\src\Illuminate\Routing\Router.php(729): Illuminate\Routing\Router->dispatchToRoute(Object(Illuminate\Http\Request))
#57 C:\laragon\www\Valencia\PROFAC\SISTEMA\profac-app\vendor\laravel\framework\src\Illuminate\Foundation\Http\Kernel.php(190): Illuminate\Routing\Router->dispatch(Object(Illuminate\Http\Request))
#58 C:\laragon\www\Valencia\PROFAC\SISTEMA\profac-app\vendor\laravel\framework\src\Illuminate\Pipeline\Pipeline.php(141): Illuminate\Foundation\Http\Kernel->Illuminate\Foundation\Http\{closure}(Object(Illuminate\Http\Request))
#59 C:\laragon\www\Valencia\PROFAC\SISTEMA\profac-app\vendor\livewire\livewire\src\DisableBrowserCache.php(19): Illuminate\Pipeline\Pipeline->Illuminate\Pipeline\{closure}(Object(Illuminate\Http\Request))
#60 C:\laragon\www\Valencia\PROFAC\SISTEMA\profac-app\vendor\laravel\framework\src\Illuminate\Pipeline\Pipeline.php(180): Livewire\DisableBrowserCache->handle(Object(Illuminate\Http\Request), Object(Closure))
#61 C:\laragon\www\Valencia\PROFAC\SISTEMA\profac-app\vendor\laravel\framework\src\Illuminate\Foundation\Http\Middleware\TransformsRequest.php(21): Illuminate\Pipeline\Pipeline->Illuminate\Pipeline\{closure}(Object(Illuminate\Http\Request))
#62 C:\laragon\www\Valencia\PROFAC\SISTEMA\profac-app\vendor\laravel\framework\src\Illuminate\Foundation\Http\Middleware\ConvertEmptyStringsToNull.php(31): Illuminate\Foundation\Http\Middleware\TransformsRequest->handle(Object(Illuminate\Http\Request), Object(Closure))
#63 C:\laragon\www\Valencia\PROFAC\SISTEMA\profac-app\vendor\laravel\framework\src\Illuminate\Pipeline\Pipeline.php(180): Illuminate\Foundation\Http\Middleware\ConvertEmptyStringsToNull->handle(Object(Illuminate\Http\Request), Object(Closure))
#64 C:\laragon\www\Valencia\PROFAC\SISTEMA\profac-app\vendor\laravel\framework\src\Illuminate\Foundation\Http\Middleware\TransformsRequest.php(21): Illuminate\Pipeline\Pipeline->Illuminate\Pipeline\{closure}(Object(Illuminate\Http\Request))
#65 C:\laragon\www\Valencia\PROFAC\SISTEMA\profac-app\vendor\laravel\framework\src\Illuminate\Foundation\Http\Middleware\TrimStrings.php(40): Illuminate\Foundation\Http\Middleware\TransformsRequest->handle(Object(Illuminate\Http\Request), Object(Closure))
#66 C:\laragon\www\Valencia\PROFAC\SISTEMA\profac-app\vendor\laravel\framework\src\Illuminate\Pipeline\Pipeline.php(180): Illuminate\Foundation\Http\Middleware\TrimStrings->handle(Object(Illuminate\Http\Request), Object(Closure))
#67 C:\laragon\www\Valencia\PROFAC\SISTEMA\profac-app\vendor\laravel\framework\src\Illuminate\Foundation\Http\Middleware\ValidatePostSize.php(27): Illuminate\Pipeline\Pipeline->Illuminate\Pipeline\{closure}(Object(Illuminate\Http\Request))
#68 C:\laragon\www\Valencia\PROFAC\SISTEMA\profac-app\vendor\laravel\framework\src\Illuminate\Pipeline\Pipeline.php(180): Illuminate\Foundation\Http\Middleware\ValidatePostSize->handle(Object(Illuminate\Http\Request), Object(Closure))
#69 C:\laragon\www\Valencia\PROFAC\SISTEMA\profac-app\vendor\laravel\framework\src\Illuminate\Foundation\Http\Middleware\PreventRequestsDuringMaintenance.php(86): Illuminate\Pipeline\Pipeline->Illuminate\Pipeline\{closure}(Object(Illuminate\Http\Request))
#70 C:\laragon\www\Valencia\PROFAC\SISTEMA\profac-app\vendor\laravel\framework\src\Illuminate\Pipeline\Pipeline.php(180): Illuminate\Foundation\Http\Middleware\PreventRequestsDuringMaintenance->handle(Object(Illuminate\Http\Request), Object(Closure))
#71 C:\laragon\www\Valencia\PROFAC\SISTEMA\profac-app\vendor\fruitcake\laravel-cors\src\HandleCors.php(38): Illuminate\Pipeline\Pipeline->Illuminate\Pipeline\{closure}(Object(Illuminate\Http\Request))
#72 C:\laragon\www\Valencia\PROFAC\SISTEMA\profac-app\vendor\laravel\framework\src\Illuminate\Pipeline\Pipeline.php(180): Fruitcake\Cors\HandleCors->handle(Object(Illuminate\Http\Request), Object(Closure))
#73 C:\laragon\www\Valencia\PROFAC\SISTEMA\profac-app\vendor\laravel\framework\src\Illuminate\Http\Middleware\TrustProxies.php(39): Illuminate\Pipeline\Pipeline->Illuminate\Pipeline\{closure}(Object(Illuminate\Http\Request))
#74 C:\laragon\www\Valencia\PROFAC\SISTEMA\profac-app\vendor\laravel\framework\src\Illuminate\Pipeline\Pipeline.php(180): Illuminate\Http\Middleware\TrustProxies->handle(Object(Illuminate\Http\Request), Object(Closure))
#75 C:\laragon\www\Valencia\PROFAC\SISTEMA\profac-app\vendor\laravel\framework\src\Illuminate\Pipeline\Pipeline.php(116): Illuminate\Pipeline\Pipeline->Illuminate\Pipeline\{closure}(Object(Illuminate\Http\Request))
#76 C:\laragon\www\Valencia\PROFAC\SISTEMA\profac-app\vendor\laravel\framework\src\Illuminate\Foundation\Http\Kernel.php(165): Illuminate\Pipeline\Pipeline->then(Object(Closure))
#77 C:\laragon\www\Valencia\PROFAC\SISTEMA\profac-app\vendor\laravel\framework\src\Illuminate\Foundation\Http\Kernel.php(134): Illuminate\Foundation\Http\Kernel->sendRequestThroughRouter(Object(Illuminate\Http\Request))
#78 C:\laragon\www\Valencia\PROFAC\SISTEMA\profac-app\public\index.php(52): Illuminate\Foundation\Http\Kernel->handle(Object(Illuminate\Http\Request))
#79 C:\laragon\www\Valencia\PROFAC\SISTEMA\profac-app\vendor\laravel\framework\src\Illuminate\Foundation\resources\server.php(16): require_once('C:\\laragon\\www\\...')
#80 {main}

2025-11-22T10:39:50-06:00 SQLSTATE[42000]: Syntax error or access violation: 1064 You have an error in your SQL syntax; check the manual that corresponds to your MySQL server version for the right syntax to use near '' at line 1 (SQL: select count(*) as existe from cliente_categoria_escala where estado_id =2 and id = )
#0 C:\laragon\www\Valencia\PROFAC\SISTEMA\profac-app\vendor\laravel\framework\src\Illuminate\Database\Connection.php(720): Illuminate\Database\Connection->runQueryCallback('select count(*)...', Array, Object(Closure))
#1 C:\laragon\www\Valencia\PROFAC\SISTEMA\profac-app\vendor\laravel\framework\src\Illuminate\Database\Connection.php(422): Illuminate\Database\Connection->run('select count(*)...', Array, Object(Closure))
#2 C:\laragon\www\Valencia\PROFAC\SISTEMA\profac-app\vendor\laravel\framework\src\Illuminate\Database\Connection.php(351): Illuminate\Database\Connection->select('select count(*)...', Array, true)
#3 C:\laragon\www\Valencia\PROFAC\SISTEMA\profac-app\vendor\laravel\framework\src\Illuminate\Database\DatabaseManager.php(469): Illuminate\Database\Connection->selectOne('select count(*)...')
#4 C:\laragon\www\Valencia\PROFAC\SISTEMA\profac-app\vendor\laravel\framework\src\Illuminate\Support\Facades\Facade.php(338): Illuminate\Database\DatabaseManager->__call('SELECTONE', Array)
#5 C:\laragon\www\Valencia\PROFAC\SISTEMA\profac-app\app\Imports\Escalas\ClientesCategoriaMasivaImport.php(50): Illuminate\Support\Facades\Facade::__callStatic('SELECTONE', Array)
#6 C:\laragon\www\Valencia\PROFAC\SISTEMA\profac-app\vendor\maatwebsite\excel\src\Sheet.php(267): App\Imports\Escalas\ClientesCategoriaMasivaImport->collection(Object(Illuminate\Support\Collection))
#7 C:\laragon\www\Valencia\PROFAC\SISTEMA\profac-app\vendor\maatwebsite\excel\src\Jobs\ReadChunk.php(213): Maatwebsite\Excel\Sheet->import(Object(App\Imports\Escalas\ClientesCategoriaMasivaImport), 2)
#8 C:\laragon\www\Valencia\PROFAC\SISTEMA\profac-app\vendor\laravel\framework\src\Illuminate\Database\Concerns\ManagesTransactions.php(30): Maatwebsite\Excel\Jobs\ReadChunk->Maatwebsite\Excel\Jobs\{closure}(Object(Illuminate\Database\MySqlConnection))
#9 C:\laragon\www\Valencia\PROFAC\SISTEMA\profac-app\vendor\maatwebsite\excel\src\Transactions\DbTransactionHandler.php(30): Illuminate\Database\Connection->transaction(Object(Closure))
#10 C:\laragon\www\Valencia\PROFAC\SISTEMA\profac-app\vendor\maatwebsite\excel\src\Jobs\ReadChunk.php(221): Maatwebsite\Excel\Transactions\DbTransactionHandler->__invoke(Object(Closure))
#11 C:\laragon\www\Valencia\PROFAC\SISTEMA\profac-app\vendor\laravel\framework\src\Illuminate\Container\BoundMethod.php(36): Maatwebsite\Excel\Jobs\ReadChunk->handle(Object(Maatwebsite\Excel\Transactions\DbTransactionHandler))
#12 C:\laragon\www\Valencia\PROFAC\SISTEMA\profac-app\vendor\laravel\framework\src\Illuminate\Container\Util.php(41): Illuminate\Container\BoundMethod::Illuminate\Container\{closure}()
#13 C:\laragon\www\Valencia\PROFAC\SISTEMA\profac-app\vendor\laravel\framework\src\Illuminate\Container\BoundMethod.php(93): Illuminate\Container\Util::unwrapIfClosure(Object(Closure))
#14 C:\laragon\www\Valencia\PROFAC\SISTEMA\profac-app\vendor\laravel\framework\src\Illuminate\Container\BoundMethod.php(37): Illuminate\Container\BoundMethod::callBoundMethod(Object(Illuminate\Foundation\Application), Array, Object(Closure))
#15 C:\laragon\www\Valencia\PROFAC\SISTEMA\profac-app\vendor\laravel\framework\src\Illuminate\Container\Container.php(661): Illuminate\Container\BoundMethod::call(Object(Illuminate\Foundation\Application), Array, Array, NULL)
#16 C:\laragon\www\Valencia\PROFAC\SISTEMA\profac-app\vendor\laravel\framework\src\Illuminate\Bus\Dispatcher.php(128): Illuminate\Container\Container->call(Array)
#17 C:\laragon\www\Valencia\PROFAC\SISTEMA\profac-app\vendor\laravel\framework\src\Illuminate\Pipeline\Pipeline.php(141): Illuminate\Bus\Dispatcher->Illuminate\Bus\{closure}(Object(Maatwebsite\Excel\Jobs\ReadChunk))
#18 C:\laragon\www\Valencia\PROFAC\SISTEMA\profac-app\vendor\laravel\framework\src\Illuminate\Pipeline\Pipeline.php(116): Illuminate\Pipeline\Pipeline->Illuminate\Pipeline\{closure}(Object(Maatwebsite\Excel\Jobs\ReadChunk))
#19 C:\laragon\www\Valencia\PROFAC\SISTEMA\profac-app\vendor\laravel\framework\src\Illuminate\Bus\Dispatcher.php(132): Illuminate\Pipeline\Pipeline->then(Object(Closure))
#20 C:\laragon\www\Valencia\PROFAC\SISTEMA\profac-app\vendor\laravel\framework\src\Illuminate\Foundation\helpers.php(422): Illuminate\Bus\Dispatcher->dispatchNow(Object(Maatwebsite\Excel\Jobs\ReadChunk), false)
#21 C:\laragon\www\Valencia\PROFAC\SISTEMA\profac-app\vendor\maatwebsite\excel\src\ChunkReader.php(106): dispatch_now(Object(Maatwebsite\Excel\Jobs\ReadChunk))
#22 C:\laragon\www\Valencia\PROFAC\SISTEMA\profac-app\vendor\laravel\framework\src\Illuminate\Collections\Traits\EnumeratesValues.php(235): Maatwebsite\Excel\ChunkReader->Maatwebsite\Excel\{closure}(Object(Maatwebsite\Excel\Jobs\ReadChunk), 0)
#23 C:\laragon\www\Valencia\PROFAC\SISTEMA\profac-app\vendor\maatwebsite\excel\src\ChunkReader.php(114): Illuminate\Support\Collection->each(Object(Closure))
#24 C:\laragon\www\Valencia\PROFAC\SISTEMA\profac-app\vendor\maatwebsite\excel\src\Reader.php(105): Maatwebsite\Excel\ChunkReader->read(Object(App\Imports\Escalas\ClientesCategoriaMasivaImport), Object(Maatwebsite\Excel\Reader), Object(Maatwebsite\Excel\Files\LocalTemporaryFile))
#25 C:\laragon\www\Valencia\PROFAC\SISTEMA\profac-app\vendor\maatwebsite\excel\src\Excel.php(146): Maatwebsite\Excel\Reader->read(Object(App\Imports\Escalas\ClientesCategoriaMasivaImport), 'C:\\laragon\\www\\...', 'Csv', NULL)
#26 C:\laragon\www\Valencia\PROFAC\SISTEMA\profac-app\vendor\laravel\framework\src\Illuminate\Support\Facades\Facade.php(338): Maatwebsite\Excel\Excel->import(Object(App\Imports\Escalas\ClientesCategoriaMasivaImport), 'C:\\laragon\\www\\...')
#27 C:\laragon\www\Valencia\PROFAC\SISTEMA\profac-app\app\Http\Livewire\Clientes\Cliente.php(709): Illuminate\Support\Facades\Facade::__callStatic('import', Array)
#28 C:\laragon\www\Valencia\PROFAC\SISTEMA\profac-app\vendor\laravel\framework\src\Illuminate\Routing\ControllerDispatcher.php(46): App\Http\Livewire\Clientes\Cliente->importarCategoriaClientes(Object(Illuminate\Http\Request))
#29 C:\laragon\www\Valencia\PROFAC\SISTEMA\profac-app\vendor\laravel\framework\src\Illuminate\Routing\Route.php(260): Illuminate\Routing\ControllerDispatcher->dispatch(Object(Illuminate\Routing\Route), Object(App\Http\Livewire\Clientes\Cliente), 'importarCategor...')
#30 C:\laragon\www\Valencia\PROFAC\SISTEMA\profac-app\vendor\laravel\framework\src\Illuminate\Routing\Route.php(205): Illuminate\Routing\Route->runController()
#31 C:\laragon\www\Valencia\PROFAC\SISTEMA\profac-app\vendor\laravel\framework\src\Illuminate\Routing\Router.php(798): Illuminate\Routing\Route->run()
#32 C:\laragon\www\Valencia\PROFAC\SISTEMA\profac-app\vendor\laravel\framework\src\Illuminate\Pipeline\Pipeline.php(141): Illuminate\Routing\Router->Illuminate\Routing\{closure}(Object(Illuminate\Http\Request))
#33 C:\laragon\www\Valencia\PROFAC\SISTEMA\profac-app\vendor\laravel\framework\src\Illuminate\Auth\Middleware\EnsureEmailIsVerified.php(30): Illuminate\Pipeline\Pipeline->Illuminate\Pipeline\{closure}(Object(Illuminate\Http\Request))
#34 C:\laragon\www\Valencia\PROFAC\SISTEMA\profac-app\vendor\laravel\framework\src\Illuminate\Pipeline\Pipeline.php(180): Illuminate\Auth\Middleware\EnsureEmailIsVerified->handle(Object(Illuminate\Http\Request), Object(Closure))
#35 C:\laragon\www\Valencia\PROFAC\SISTEMA\profac-app\vendor\laravel\framework\src\Illuminate\Routing\Middleware\SubstituteBindings.php(50): Illuminate\Pipeline\Pipeline->Illuminate\Pipeline\{closure}(Object(Illuminate\Http\Request))
#36 C:\laragon\www\Valencia\PROFAC\SISTEMA\profac-app\vendor\laravel\framework\src\Illuminate\Pipeline\Pipeline.php(180): Illuminate\Routing\Middleware\SubstituteBindings->handle(Object(Illuminate\Http\Request), Object(Closure))
#37 C:\laragon\www\Valencia\PROFAC\SISTEMA\profac-app\vendor\laravel\framework\src\Illuminate\Foundation\Http\Middleware\VerifyCsrfToken.php(78): Illuminate\Pipeline\Pipeline->Illuminate\Pipeline\{closure}(Object(Illuminate\Http\Request))
#38 C:\laragon\www\Valencia\PROFAC\SISTEMA\profac-app\vendor\laravel\framework\src\Illuminate\Pipeline\Pipeline.php(180): Illuminate\Foundation\Http\Middleware\VerifyCsrfToken->handle(Object(Illuminate\Http\Request), Object(Closure))
#39 C:\laragon\www\Valencia\PROFAC\SISTEMA\profac-app\vendor\laravel\framework\src\Illuminate\Session\Middleware\AuthenticateSession.php(59): Illuminate\Pipeline\Pipeline->Illuminate\Pipeline\{closure}(Object(Illuminate\Http\Request))
#40 C:\laragon\www\Valencia\PROFAC\SISTEMA\profac-app\vendor\laravel\framework\src\Illuminate\Pipeline\Pipeline.php(180): Illuminate\Session\Middleware\AuthenticateSession->handle(Object(Illuminate\Http\Request), Object(Closure))
#41 C:\laragon\www\Valencia\PROFAC\SISTEMA\profac-app\vendor\laravel\framework\src\Illuminate\Auth\Middleware\Authenticate.php(44): Illuminate\Pipeline\Pipeline->Illuminate\Pipeline\{closure}(Object(Illuminate\Http\Request))
#42 C:\laragon\www\Valencia\PROFAC\SISTEMA\profac-app\vendor\laravel\framework\src\Illuminate\Pipeline\Pipeline.php(180): Illuminate\Auth\Middleware\Authenticate->handle(Object(Illuminate\Http\Request), Object(Closure), 'sanctum')
#43 C:\laragon\www\Valencia\PROFAC\SISTEMA\profac-app\vendor\laravel\framework\src\Illuminate\View\Middleware\ShareErrorsFromSession.php(49): Illuminate\Pipeline\Pipeline->Illuminate\Pipeline\{closure}(Object(Illuminate\Http\Request))
#44 C:\laragon\www\Valencia\PROFAC\SISTEMA\profac-app\vendor\laravel\framework\src\Illuminate\Pipeline\Pipeline.php(180): Illuminate\View\Middleware\ShareErrorsFromSession->handle(Object(Illuminate\Http\Request), Object(Closure))
#45 C:\laragon\www\Valencia\PROFAC\SISTEMA\profac-app\vendor\laravel\framework\src\Illuminate\Session\Middleware\StartSession.php(121): Illuminate\Pipeline\Pipeline->Illuminate\Pipeline\{closure}(Object(Illuminate\Http\Request))
#46 C:\laragon\www\Valencia\PROFAC\SISTEMA\profac-app\vendor\laravel\framework\src\Illuminate\Session\Middleware\StartSession.php(64): Illuminate\Session\Middleware\StartSession->handleStatefulRequest(Object(Illuminate\Http\Request), Object(Illuminate\Session\Store), Object(Closure))
#47 C:\laragon\www\Valencia\PROFAC\SISTEMA\profac-app\vendor\laravel\framework\src\Illuminate\Pipeline\Pipeline.php(180): Illuminate\Session\Middleware\StartSession->handle(Object(Illuminate\Http\Request), Object(Closure))
#48 C:\laragon\www\Valencia\PROFAC\SISTEMA\profac-app\vendor\laravel\framework\src\Illuminate\Cookie\Middleware\AddQueuedCookiesToResponse.php(37): Illuminate\Pipeline\Pipeline->Illuminate\Pipeline\{closure}(Object(Illuminate\Http\Request))
#49 C:\laragon\www\Valencia\PROFAC\SISTEMA\profac-app\vendor\laravel\framework\src\Illuminate\Pipeline\Pipeline.php(180): Illuminate\Cookie\Middleware\AddQueuedCookiesToResponse->handle(Object(Illuminate\Http\Request), Object(Closure))
#50 C:\laragon\www\Valencia\PROFAC\SISTEMA\profac-app\vendor\laravel\framework\src\Illuminate\Cookie\Middleware\EncryptCookies.php(67): Illuminate\Pipeline\Pipeline->Illuminate\Pipeline\{closure}(Object(Illuminate\Http\Request))
#51 C:\laragon\www\Valencia\PROFAC\SISTEMA\profac-app\vendor\laravel\framework\src\Illuminate\Pipeline\Pipeline.php(180): Illuminate\Cookie\Middleware\EncryptCookies->handle(Object(Illuminate\Http\Request), Object(Closure))
#52 C:\laragon\www\Valencia\PROFAC\SISTEMA\profac-app\vendor\laravel\framework\src\Illuminate\Pipeline\Pipeline.php(116): Illuminate\Pipeline\Pipeline->Illuminate\Pipeline\{closure}(Object(Illuminate\Http\Request))
#53 C:\laragon\www\Valencia\PROFAC\SISTEMA\profac-app\vendor\laravel\framework\src\Illuminate\Routing\Router.php(799): Illuminate\Pipeline\Pipeline->then(Object(Closure))
#54 C:\laragon\www\Valencia\PROFAC\SISTEMA\profac-app\vendor\laravel\framework\src\Illuminate\Routing\Router.php(776): Illuminate\Routing\Router->runRouteWithinStack(Object(Illuminate\Routing\Route), Object(Illuminate\Http\Request))
#55 C:\laragon\www\Valencia\PROFAC\SISTEMA\profac-app\vendor\laravel\framework\src\Illuminate\Routing\Router.php(740): Illuminate\Routing\Router->runRoute(Object(Illuminate\Http\Request), Object(Illuminate\Routing\Route))
#56 C:\laragon\www\Valencia\PROFAC\SISTEMA\profac-app\vendor\laravel\framework\src\Illuminate\Routing\Router.php(729): Illuminate\Routing\Router->dispatchToRoute(Object(Illuminate\Http\Request))
#57 C:\laragon\www\Valencia\PROFAC\SISTEMA\profac-app\vendor\laravel\framework\src\Illuminate\Foundation\Http\Kernel.php(190): Illuminate\Routing\Router->dispatch(Object(Illuminate\Http\Request))
#58 C:\laragon\www\Valencia\PROFAC\SISTEMA\profac-app\vendor\laravel\framework\src\Illuminate\Pipeline\Pipeline.php(141): Illuminate\Foundation\Http\Kernel->Illuminate\Foundation\Http\{closure}(Object(Illuminate\Http\Request))
#59 C:\laragon\www\Valencia\PROFAC\SISTEMA\profac-app\vendor\livewire\livewire\src\DisableBrowserCache.php(19): Illuminate\Pipeline\Pipeline->Illuminate\Pipeline\{closure}(Object(Illuminate\Http\Request))
#60 C:\laragon\www\Valencia\PROFAC\SISTEMA\profac-app\vendor\laravel\framework\src\Illuminate\Pipeline\Pipeline.php(180): Livewire\DisableBrowserCache->handle(Object(Illuminate\Http\Request), Object(Closure))
#61 C:\laragon\www\Valencia\PROFAC\SISTEMA\profac-app\vendor\laravel\framework\src\Illuminate\Foundation\Http\Middleware\TransformsRequest.php(21): Illuminate\Pipeline\Pipeline->Illuminate\Pipeline\{closure}(Object(Illuminate\Http\Request))
#62 C:\laragon\www\Valencia\PROFAC\SISTEMA\profac-app\vendor\laravel\framework\src\Illuminate\Foundation\Http\Middleware\ConvertEmptyStringsToNull.php(31): Illuminate\Foundation\Http\Middleware\TransformsRequest->handle(Object(Illuminate\Http\Request), Object(Closure))
#63 C:\laragon\www\Valencia\PROFAC\SISTEMA\profac-app\vendor\laravel\framework\src\Illuminate\Pipeline\Pipeline.php(180): Illuminate\Foundation\Http\Middleware\ConvertEmptyStringsToNull->handle(Object(Illuminate\Http\Request), Object(Closure))
#64 C:\laragon\www\Valencia\PROFAC\SISTEMA\profac-app\vendor\laravel\framework\src\Illuminate\Foundation\Http\Middleware\TransformsRequest.php(21): Illuminate\Pipeline\Pipeline->Illuminate\Pipeline\{closure}(Object(Illuminate\Http\Request))
#65 C:\laragon\www\Valencia\PROFAC\SISTEMA\profac-app\vendor\laravel\framework\src\Illuminate\Foundation\Http\Middleware\TrimStrings.php(40): Illuminate\Foundation\Http\Middleware\TransformsRequest->handle(Object(Illuminate\Http\Request), Object(Closure))
#66 C:\laragon\www\Valencia\PROFAC\SISTEMA\profac-app\vendor\laravel\framework\src\Illuminate\Pipeline\Pipeline.php(180): Illuminate\Foundation\Http\Middleware\TrimStrings->handle(Object(Illuminate\Http\Request), Object(Closure))
#67 C:\laragon\www\Valencia\PROFAC\SISTEMA\profac-app\vendor\laravel\framework\src\Illuminate\Foundation\Http\Middleware\ValidatePostSize.php(27): Illuminate\Pipeline\Pipeline->Illuminate\Pipeline\{closure}(Object(Illuminate\Http\Request))
#68 C:\laragon\www\Valencia\PROFAC\SISTEMA\profac-app\vendor\laravel\framework\src\Illuminate\Pipeline\Pipeline.php(180): Illuminate\Foundation\Http\Middleware\ValidatePostSize->handle(Object(Illuminate\Http\Request), Object(Closure))
#69 C:\laragon\www\Valencia\PROFAC\SISTEMA\profac-app\vendor\laravel\framework\src\Illuminate\Foundation\Http\Middleware\PreventRequestsDuringMaintenance.php(86): Illuminate\Pipeline\Pipeline->Illuminate\Pipeline\{closure}(Object(Illuminate\Http\Request))
#70 C:\laragon\www\Valencia\PROFAC\SISTEMA\profac-app\vendor\laravel\framework\src\Illuminate\Pipeline\Pipeline.php(180): Illuminate\Foundation\Http\Middleware\PreventRequestsDuringMaintenance->handle(Object(Illuminate\Http\Request), Object(Closure))
#71 C:\laragon\www\Valencia\PROFAC\SISTEMA\profac-app\vendor\fruitcake\laravel-cors\src\HandleCors.php(38): Illuminate\Pipeline\Pipeline->Illuminate\Pipeline\{closure}(Object(Illuminate\Http\Request))
#72 C:\laragon\www\Valencia\PROFAC\SISTEMA\profac-app\vendor\laravel\framework\src\Illuminate\Pipeline\Pipeline.php(180): Fruitcake\Cors\HandleCors->handle(Object(Illuminate\Http\Request), Object(Closure))
#73 C:\laragon\www\Valencia\PROFAC\SISTEMA\profac-app\vendor\laravel\framework\src\Illuminate\Http\Middleware\TrustProxies.php(39): Illuminate\Pipeline\Pipeline->Illuminate\Pipeline\{closure}(Object(Illuminate\Http\Request))
#74 C:\laragon\www\Valencia\PROFAC\SISTEMA\profac-app\vendor\laravel\framework\src\Illuminate\Pipeline\Pipeline.php(180): Illuminate\Http\Middleware\TrustProxies->handle(Object(Illuminate\Http\Request), Object(Closure))
#75 C:\laragon\www\Valencia\PROFAC\SISTEMA\profac-app\vendor\laravel\framework\src\Illuminate\Pipeline\Pipeline.php(116): Illuminate\Pipeline\Pipeline->Illuminate\Pipeline\{closure}(Object(Illuminate\Http\Request))
#76 C:\laragon\www\Valencia\PROFAC\SISTEMA\profac-app\vendor\laravel\framework\src\Illuminate\Foundation\Http\Kernel.php(165): Illuminate\Pipeline\Pipeline->then(Object(Closure))
#77 C:\laragon\www\Valencia\PROFAC\SISTEMA\profac-app\vendor\laravel\framework\src\Illuminate\Foundation\Http\Kernel.php(134): Illuminate\Foundation\Http\Kernel->sendRequestThroughRouter(Object(Illuminate\Http\Request))
#78 C:\laragon\www\Valencia\PROFAC\SISTEMA\profac-app\public\index.php(52): Illuminate\Foundation\Http\Kernel->handle(Object(Illuminate\Http\Request))
#79 C:\laragon\www\Valencia\PROFAC\SISTEMA\profac-app\vendor\laravel\framework\src\Illuminate\Foundation\resources\server.php(16): require_once('C:\\laragon\\www\\...')
#80 {main}

2025-11-22T10:40:43-06:00 Undefined variable $nuevaCa
#0 C:\laragon\www\Valencia\PROFAC\SISTEMA\profac-app\vendor\laravel\framework\src\Illuminate\Foundation\Bootstrap\HandleExceptions.php(270): Illuminate\Foundation\Bootstrap\HandleExceptions->handleError(2, 'Undefined varia...', 'C:\\laragon\\www\\...', 49)
#1 C:\laragon\www\Valencia\PROFAC\SISTEMA\profac-app\app\Imports\Escalas\ClientesCategoriaMasivaImport.php(49): Illuminate\Foundation\Bootstrap\HandleExceptions->Illuminate\Foundation\Bootstrap\{closure}(2, 'Undefined varia...', 'C:\\laragon\\www\\...', 49)
#2 C:\laragon\www\Valencia\PROFAC\SISTEMA\profac-app\vendor\maatwebsite\excel\src\Sheet.php(267): App\Imports\Escalas\ClientesCategoriaMasivaImport->collection(Object(Illuminate\Support\Collection))
#3 C:\laragon\www\Valencia\PROFAC\SISTEMA\profac-app\vendor\maatwebsite\excel\src\Jobs\ReadChunk.php(213): Maatwebsite\Excel\Sheet->import(Object(App\Imports\Escalas\ClientesCategoriaMasivaImport), 2)
#4 C:\laragon\www\Valencia\PROFAC\SISTEMA\profac-app\vendor\laravel\framework\src\Illuminate\Database\Concerns\ManagesTransactions.php(30): Maatwebsite\Excel\Jobs\ReadChunk->Maatwebsite\Excel\Jobs\{closure}(Object(Illuminate\Database\MySqlConnection))
#5 C:\laragon\www\Valencia\PROFAC\SISTEMA\profac-app\vendor\maatwebsite\excel\src\Transactions\DbTransactionHandler.php(30): Illuminate\Database\Connection->transaction(Object(Closure))
#6 C:\laragon\www\Valencia\PROFAC\SISTEMA\profac-app\vendor\maatwebsite\excel\src\Jobs\ReadChunk.php(221): Maatwebsite\Excel\Transactions\DbTransactionHandler->__invoke(Object(Closure))
#7 C:\laragon\www\Valencia\PROFAC\SISTEMA\profac-app\vendor\laravel\framework\src\Illuminate\Container\BoundMethod.php(36): Maatwebsite\Excel\Jobs\ReadChunk->handle(Object(Maatwebsite\Excel\Transactions\DbTransactionHandler))
#8 C:\laragon\www\Valencia\PROFAC\SISTEMA\profac-app\vendor\laravel\framework\src\Illuminate\Container\Util.php(41): Illuminate\Container\BoundMethod::Illuminate\Container\{closure}()
#9 C:\laragon\www\Valencia\PROFAC\SISTEMA\profac-app\vendor\laravel\framework\src\Illuminate\Container\BoundMethod.php(93): Illuminate\Container\Util::unwrapIfClosure(Object(Closure))
#10 C:\laragon\www\Valencia\PROFAC\SISTEMA\profac-app\vendor\laravel\framework\src\Illuminate\Container\BoundMethod.php(37): Illuminate\Container\BoundMethod::callBoundMethod(Object(Illuminate\Foundation\Application), Array, Object(Closure))
#11 C:\laragon\www\Valencia\PROFAC\SISTEMA\profac-app\vendor\laravel\framework\src\Illuminate\Container\Container.php(661): Illuminate\Container\BoundMethod::call(Object(Illuminate\Foundation\Application), Array, Array, NULL)
#12 C:\laragon\www\Valencia\PROFAC\SISTEMA\profac-app\vendor\laravel\framework\src\Illuminate\Bus\Dispatcher.php(128): Illuminate\Container\Container->call(Array)
#13 C:\laragon\www\Valencia\PROFAC\SISTEMA\profac-app\vendor\laravel\framework\src\Illuminate\Pipeline\Pipeline.php(141): Illuminate\Bus\Dispatcher->Illuminate\Bus\{closure}(Object(Maatwebsite\Excel\Jobs\ReadChunk))
#14 C:\laragon\www\Valencia\PROFAC\SISTEMA\profac-app\vendor\laravel\framework\src\Illuminate\Pipeline\Pipeline.php(116): Illuminate\Pipeline\Pipeline->Illuminate\Pipeline\{closure}(Object(Maatwebsite\Excel\Jobs\ReadChunk))
#15 C:\laragon\www\Valencia\PROFAC\SISTEMA\profac-app\vendor\laravel\framework\src\Illuminate\Bus\Dispatcher.php(132): Illuminate\Pipeline\Pipeline->then(Object(Closure))
#16 C:\laragon\www\Valencia\PROFAC\SISTEMA\profac-app\vendor\laravel\framework\src\Illuminate\Foundation\helpers.php(422): Illuminate\Bus\Dispatcher->dispatchNow(Object(Maatwebsite\Excel\Jobs\ReadChunk), false)
#17 C:\laragon\www\Valencia\PROFAC\SISTEMA\profac-app\vendor\maatwebsite\excel\src\ChunkReader.php(106): dispatch_now(Object(Maatwebsite\Excel\Jobs\ReadChunk))
#18 C:\laragon\www\Valencia\PROFAC\SISTEMA\profac-app\vendor\laravel\framework\src\Illuminate\Collections\Traits\EnumeratesValues.php(235): Maatwebsite\Excel\ChunkReader->Maatwebsite\Excel\{closure}(Object(Maatwebsite\Excel\Jobs\ReadChunk), 0)
#19 C:\laragon\www\Valencia\PROFAC\SISTEMA\profac-app\vendor\maatwebsite\excel\src\ChunkReader.php(114): Illuminate\Support\Collection->each(Object(Closure))
#20 C:\laragon\www\Valencia\PROFAC\SISTEMA\profac-app\vendor\maatwebsite\excel\src\Reader.php(105): Maatwebsite\Excel\ChunkReader->read(Object(App\Imports\Escalas\ClientesCategoriaMasivaImport), Object(Maatwebsite\Excel\Reader), Object(Maatwebsite\Excel\Files\LocalTemporaryFile))
#21 C:\laragon\www\Valencia\PROFAC\SISTEMA\profac-app\vendor\maatwebsite\excel\src\Excel.php(146): Maatwebsite\Excel\Reader->read(Object(App\Imports\Escalas\ClientesCategoriaMasivaImport), 'C:\\laragon\\www\\...', 'Csv', NULL)
#22 C:\laragon\www\Valencia\PROFAC\SISTEMA\profac-app\vendor\laravel\framework\src\Illuminate\Support\Facades\Facade.php(338): Maatwebsite\Excel\Excel->import(Object(App\Imports\Escalas\ClientesCategoriaMasivaImport), 'C:\\laragon\\www\\...')
#23 C:\laragon\www\Valencia\PROFAC\SISTEMA\profac-app\app\Http\Livewire\Clientes\Cliente.php(709): Illuminate\Support\Facades\Facade::__callStatic('import', Array)
#24 C:\laragon\www\Valencia\PROFAC\SISTEMA\profac-app\vendor\laravel\framework\src\Illuminate\Routing\ControllerDispatcher.php(46): App\Http\Livewire\Clientes\Cliente->importarCategoriaClientes(Object(Illuminate\Http\Request))
#25 C:\laragon\www\Valencia\PROFAC\SISTEMA\profac-app\vendor\laravel\framework\src\Illuminate\Routing\Route.php(260): Illuminate\Routing\ControllerDispatcher->dispatch(Object(Illuminate\Routing\Route), Object(App\Http\Livewire\Clientes\Cliente), 'importarCategor...')
#26 C:\laragon\www\Valencia\PROFAC\SISTEMA\profac-app\vendor\laravel\framework\src\Illuminate\Routing\Route.php(205): Illuminate\Routing\Route->runController()
#27 C:\laragon\www\Valencia\PROFAC\SISTEMA\profac-app\vendor\laravel\framework\src\Illuminate\Routing\Router.php(798): Illuminate\Routing\Route->run()
#28 C:\laragon\www\Valencia\PROFAC\SISTEMA\profac-app\vendor\laravel\framework\src\Illuminate\Pipeline\Pipeline.php(141): Illuminate\Routing\Router->Illuminate\Routing\{closure}(Object(Illuminate\Http\Request))
#29 C:\laragon\www\Valencia\PROFAC\SISTEMA\profac-app\vendor\laravel\framework\src\Illuminate\Auth\Middleware\EnsureEmailIsVerified.php(30): Illuminate\Pipeline\Pipeline->Illuminate\Pipeline\{closure}(Object(Illuminate\Http\Request))
#30 C:\laragon\www\Valencia\PROFAC\SISTEMA\profac-app\vendor\laravel\framework\src\Illuminate\Pipeline\Pipeline.php(180): Illuminate\Auth\Middleware\EnsureEmailIsVerified->handle(Object(Illuminate\Http\Request), Object(Closure))
#31 C:\laragon\www\Valencia\PROFAC\SISTEMA\profac-app\vendor\laravel\framework\src\Illuminate\Routing\Middleware\SubstituteBindings.php(50): Illuminate\Pipeline\Pipeline->Illuminate\Pipeline\{closure}(Object(Illuminate\Http\Request))
#32 C:\laragon\www\Valencia\PROFAC\SISTEMA\profac-app\vendor\laravel\framework\src\Illuminate\Pipeline\Pipeline.php(180): Illuminate\Routing\Middleware\SubstituteBindings->handle(Object(Illuminate\Http\Request), Object(Closure))
#33 C:\laragon\www\Valencia\PROFAC\SISTEMA\profac-app\vendor\laravel\framework\src\Illuminate\Foundation\Http\Middleware\VerifyCsrfToken.php(78): Illuminate\Pipeline\Pipeline->Illuminate\Pipeline\{closure}(Object(Illuminate\Http\Request))
#34 C:\laragon\www\Valencia\PROFAC\SISTEMA\profac-app\vendor\laravel\framework\src\Illuminate\Pipeline\Pipeline.php(180): Illuminate\Foundation\Http\Middleware\VerifyCsrfToken->handle(Object(Illuminate\Http\Request), Object(Closure))
#35 C:\laragon\www\Valencia\PROFAC\SISTEMA\profac-app\vendor\laravel\framework\src\Illuminate\Session\Middleware\AuthenticateSession.php(59): Illuminate\Pipeline\Pipeline->Illuminate\Pipeline\{closure}(Object(Illuminate\Http\Request))
#36 C:\laragon\www\Valencia\PROFAC\SISTEMA\profac-app\vendor\laravel\framework\src\Illuminate\Pipeline\Pipeline.php(180): Illuminate\Session\Middleware\AuthenticateSession->handle(Object(Illuminate\Http\Request), Object(Closure))
#37 C:\laragon\www\Valencia\PROFAC\SISTEMA\profac-app\vendor\laravel\framework\src\Illuminate\Auth\Middleware\Authenticate.php(44): Illuminate\Pipeline\Pipeline->Illuminate\Pipeline\{closure}(Object(Illuminate\Http\Request))
#38 C:\laragon\www\Valencia\PROFAC\SISTEMA\profac-app\vendor\laravel\framework\src\Illuminate\Pipeline\Pipeline.php(180): Illuminate\Auth\Middleware\Authenticate->handle(Object(Illuminate\Http\Request), Object(Closure), 'sanctum')
#39 C:\laragon\www\Valencia\PROFAC\SISTEMA\profac-app\vendor\laravel\framework\src\Illuminate\View\Middleware\ShareErrorsFromSession.php(49): Illuminate\Pipeline\Pipeline->Illuminate\Pipeline\{closure}(Object(Illuminate\Http\Request))
#40 C:\laragon\www\Valencia\PROFAC\SISTEMA\profac-app\vendor\laravel\framework\src\Illuminate\Pipeline\Pipeline.php(180): Illuminate\View\Middleware\ShareErrorsFromSession->handle(Object(Illuminate\Http\Request), Object(Closure))
#41 C:\laragon\www\Valencia\PROFAC\SISTEMA\profac-app\vendor\laravel\framework\src\Illuminate\Session\Middleware\StartSession.php(121): Illuminate\Pipeline\Pipeline->Illuminate\Pipeline\{closure}(Object(Illuminate\Http\Request))
#42 C:\laragon\www\Valencia\PROFAC\SISTEMA\profac-app\vendor\laravel\framework\src\Illuminate\Session\Middleware\StartSession.php(64): Illuminate\Session\Middleware\StartSession->handleStatefulRequest(Object(Illuminate\Http\Request), Object(Illuminate\Session\Store), Object(Closure))
#43 C:\laragon\www\Valencia\PROFAC\SISTEMA\profac-app\vendor\laravel\framework\src\Illuminate\Pipeline\Pipeline.php(180): Illuminate\Session\Middleware\StartSession->handle(Object(Illuminate\Http\Request), Object(Closure))
#44 C:\laragon\www\Valencia\PROFAC\SISTEMA\profac-app\vendor\laravel\framework\src\Illuminate\Cookie\Middleware\AddQueuedCookiesToResponse.php(37): Illuminate\Pipeline\Pipeline->Illuminate\Pipeline\{closure}(Object(Illuminate\Http\Request))
#45 C:\laragon\www\Valencia\PROFAC\SISTEMA\profac-app\vendor\laravel\framework\src\Illuminate\Pipeline\Pipeline.php(180): Illuminate\Cookie\Middleware\AddQueuedCookiesToResponse->handle(Object(Illuminate\Http\Request), Object(Closure))
#46 C:\laragon\www\Valencia\PROFAC\SISTEMA\profac-app\vendor\laravel\framework\src\Illuminate\Cookie\Middleware\EncryptCookies.php(67): Illuminate\Pipeline\Pipeline->Illuminate\Pipeline\{closure}(Object(Illuminate\Http\Request))
#47 C:\laragon\www\Valencia\PROFAC\SISTEMA\profac-app\vendor\laravel\framework\src\Illuminate\Pipeline\Pipeline.php(180): Illuminate\Cookie\Middleware\EncryptCookies->handle(Object(Illuminate\Http\Request), Object(Closure))
#48 C:\laragon\www\Valencia\PROFAC\SISTEMA\profac-app\vendor\laravel\framework\src\Illuminate\Pipeline\Pipeline.php(116): Illuminate\Pipeline\Pipeline->Illuminate\Pipeline\{closure}(Object(Illuminate\Http\Request))
#49 C:\laragon\www\Valencia\PROFAC\SISTEMA\profac-app\vendor\laravel\framework\src\Illuminate\Routing\Router.php(799): Illuminate\Pipeline\Pipeline->then(Object(Closure))
#50 C:\laragon\www\Valencia\PROFAC\SISTEMA\profac-app\vendor\laravel\framework\src\Illuminate\Routing\Router.php(776): Illuminate\Routing\Router->runRouteWithinStack(Object(Illuminate\Routing\Route), Object(Illuminate\Http\Request))
#51 C:\laragon\www\Valencia\PROFAC\SISTEMA\profac-app\vendor\laravel\framework\src\Illuminate\Routing\Router.php(740): Illuminate\Routing\Router->runRoute(Object(Illuminate\Http\Request), Object(Illuminate\Routing\Route))
#52 C:\laragon\www\Valencia\PROFAC\SISTEMA\profac-app\vendor\laravel\framework\src\Illuminate\Routing\Router.php(729): Illuminate\Routing\Router->dispatchToRoute(Object(Illuminate\Http\Request))
#53 C:\laragon\www\Valencia\PROFAC\SISTEMA\profac-app\vendor\laravel\framework\src\Illuminate\Foundation\Http\Kernel.php(190): Illuminate\Routing\Router->dispatch(Object(Illuminate\Http\Request))
#54 C:\laragon\www\Valencia\PROFAC\SISTEMA\profac-app\vendor\laravel\framework\src\Illuminate\Pipeline\Pipeline.php(141): Illuminate\Foundation\Http\Kernel->Illuminate\Foundation\Http\{closure}(Object(Illuminate\Http\Request))
#55 C:\laragon\www\Valencia\PROFAC\SISTEMA\profac-app\vendor\livewire\livewire\src\DisableBrowserCache.php(19): Illuminate\Pipeline\Pipeline->Illuminate\Pipeline\{closure}(Object(Illuminate\Http\Request))
#56 C:\laragon\www\Valencia\PROFAC\SISTEMA\profac-app\vendor\laravel\framework\src\Illuminate\Pipeline\Pipeline.php(180): Livewire\DisableBrowserCache->handle(Object(Illuminate\Http\Request), Object(Closure))
#57 C:\laragon\www\Valencia\PROFAC\SISTEMA\profac-app\vendor\laravel\framework\src\Illuminate\Foundation\Http\Middleware\TransformsRequest.php(21): Illuminate\Pipeline\Pipeline->Illuminate\Pipeline\{closure}(Object(Illuminate\Http\Request))
#58 C:\laragon\www\Valencia\PROFAC\SISTEMA\profac-app\vendor\laravel\framework\src\Illuminate\Foundation\Http\Middleware\ConvertEmptyStringsToNull.php(31): Illuminate\Foundation\Http\Middleware\TransformsRequest->handle(Object(Illuminate\Http\Request), Object(Closure))
#59 C:\laragon\www\Valencia\PROFAC\SISTEMA\profac-app\vendor\laravel\framework\src\Illuminate\Pipeline\Pipeline.php(180): Illuminate\Foundation\Http\Middleware\ConvertEmptyStringsToNull->handle(Object(Illuminate\Http\Request), Object(Closure))
#60 C:\laragon\www\Valencia\PROFAC\SISTEMA\profac-app\vendor\laravel\framework\src\Illuminate\Foundation\Http\Middleware\TransformsRequest.php(21): Illuminate\Pipeline\Pipeline->Illuminate\Pipeline\{closure}(Object(Illuminate\Http\Request))
#61 C:\laragon\www\Valencia\PROFAC\SISTEMA\profac-app\vendor\laravel\framework\src\Illuminate\Foundation\Http\Middleware\TrimStrings.php(40): Illuminate\Foundation\Http\Middleware\TransformsRequest->handle(Object(Illuminate\Http\Request), Object(Closure))
#62 C:\laragon\www\Valencia\PROFAC\SISTEMA\profac-app\vendor\laravel\framework\src\Illuminate\Pipeline\Pipeline.php(180): Illuminate\Foundation\Http\Middleware\TrimStrings->handle(Object(Illuminate\Http\Request), Object(Closure))
#63 C:\laragon\www\Valencia\PROFAC\SISTEMA\profac-app\vendor\laravel\framework\src\Illuminate\Foundation\Http\Middleware\ValidatePostSize.php(27): Illuminate\Pipeline\Pipeline->Illuminate\Pipeline\{closure}(Object(Illuminate\Http\Request))
#64 C:\laragon\www\Valencia\PROFAC\SISTEMA\profac-app\vendor\laravel\framework\src\Illuminate\Pipeline\Pipeline.php(180): Illuminate\Foundation\Http\Middleware\ValidatePostSize->handle(Object(Illuminate\Http\Request), Object(Closure))
#65 C:\laragon\www\Valencia\PROFAC\SISTEMA\profac-app\vendor\laravel\framework\src\Illuminate\Foundation\Http\Middleware\PreventRequestsDuringMaintenance.php(86): Illuminate\Pipeline\Pipeline->Illuminate\Pipeline\{closure}(Object(Illuminate\Http\Request))
#66 C:\laragon\www\Valencia\PROFAC\SISTEMA\profac-app\vendor\laravel\framework\src\Illuminate\Pipeline\Pipeline.php(180): Illuminate\Foundation\Http\Middleware\PreventRequestsDuringMaintenance->handle(Object(Illuminate\Http\Request), Object(Closure))
#67 C:\laragon\www\Valencia\PROFAC\SISTEMA\profac-app\vendor\fruitcake\laravel-cors\src\HandleCors.php(38): Illuminate\Pipeline\Pipeline->Illuminate\Pipeline\{closure}(Object(Illuminate\Http\Request))
#68 C:\laragon\www\Valencia\PROFAC\SISTEMA\profac-app\vendor\laravel\framework\src\Illuminate\Pipeline\Pipeline.php(180): Fruitcake\Cors\HandleCors->handle(Object(Illuminate\Http\Request), Object(Closure))
#69 C:\laragon\www\Valencia\PROFAC\SISTEMA\profac-app\vendor\laravel\framework\src\Illuminate\Http\Middleware\TrustProxies.php(39): Illuminate\Pipeline\Pipeline->Illuminate\Pipeline\{closure}(Object(Illuminate\Http\Request))
#70 C:\laragon\www\Valencia\PROFAC\SISTEMA\profac-app\vendor\laravel\framework\src\Illuminate\Pipeline\Pipeline.php(180): Illuminate\Http\Middleware\TrustProxies->handle(Object(Illuminate\Http\Request), Object(Closure))
#71 C:\laragon\www\Valencia\PROFAC\SISTEMA\profac-app\vendor\laravel\framework\src\Illuminate\Pipeline\Pipeline.php(116): Illuminate\Pipeline\Pipeline->Illuminate\Pipeline\{closure}(Object(Illuminate\Http\Request))
#72 C:\laragon\www\Valencia\PROFAC\SISTEMA\profac-app\vendor\laravel\framework\src\Illuminate\Foundation\Http\Kernel.php(165): Illuminate\Pipeline\Pipeline->then(Object(Closure))
#73 C:\laragon\www\Valencia\PROFAC\SISTEMA\profac-app\vendor\laravel\framework\src\Illuminate\Foundation\Http\Kernel.php(134): Illuminate\Foundation\Http\Kernel->sendRequestThroughRouter(Object(Illuminate\Http\Request))
#74 C:\laragon\www\Valencia\PROFAC\SISTEMA\profac-app\public\index.php(52): Illuminate\Foundation\Http\Kernel->handle(Object(Illuminate\Http\Request))
#75 C:\laragon\www\Valencia\PROFAC\SISTEMA\profac-app\vendor\laravel\framework\src\Illuminate\Foundation\resources\server.php(16): require_once('C:\\laragon\\www\\...')
#76 {main}

